[2020-06-22T01:41:29.831] [DEBUG] cheese - login => username:admin,password:123456
[2020-06-22T01:41:29.832] [DEBUG] cheese - admin
[2020-06-22T01:41:29.863] [DEBUG] cheese - null
[2020-06-22T01:41:29.863] [DEBUG] cheese - null
[2020-06-22T01:43:14.367] [DEBUG] cheese - login => username:admin,password:123456
[2020-06-22T01:43:14.367] [DEBUG] cheese - admin
[2020-06-22T01:43:14.369] [DEBUG] cheese - null
[2020-06-22T01:43:14.369] [DEBUG] cheese - null
[2020-06-22T01:50:56.067] [DEBUG] cheese - login => username:admin,password:123456
[2020-06-22T01:50:56.068] [DEBUG] cheese - admin
[2020-06-22T01:50:56.076] [DEBUG] cheese - null
[2020-06-22T01:50:56.077] [DEBUG] cheese - null
[2020-06-22T05:44:16.538] [DEBUG] cheese - null
[2020-06-22T14:37:12.927] [DEBUG] cheese - login => username:admin,password:123456
[2020-06-22T14:37:12.928] [DEBUG] cheese - admin
[2020-06-22T14:37:12.960] [DEBUG] cheese - null
[2020-06-22T14:37:12.960] [DEBUG] cheese - null
[2020-06-22T14:37:33.522] [DEBUG] cheese - null
[2020-06-22T14:44:12.020] [DEBUG] cheese - login => username:admin,password:123456
[2020-06-22T14:44:12.021] [DEBUG] cheese - admin
[2020-06-22T14:44:12.029] [DEBUG] cheese - null
[2020-06-22T14:44:12.029] [DEBUG] cheese - null
[2020-06-22T14:47:30.028] [DEBUG] cheese - null
[2020-06-22T15:11:48.748] [DEBUG] cheese - null
[2020-06-22T15:14:20.333] [DEBUG] cheese - null
[2020-06-22T15:15:35.772] [DEBUG] cheese - null
[2020-06-22T15:16:36.056] [DEBUG] cheese - null
[2020-06-22T15:19:12.092] [DEBUG] cheese - null
[2020-06-22T15:19:46.173] [DEBUG] cheese - null
[2020-06-22T15:20:47.809] [DEBUG] cheese - null
[2020-06-22T15:20:52.318] [DEBUG] cheese - null
[2020-06-22T15:20:57.029] [DEBUG] cheese - null
[2020-06-22T15:21:01.529] [DEBUG] cheese - null
[2020-06-22T15:23:42.520] [DEBUG] cheese - null
[2020-06-22T15:23:56.146] [DEBUG] cheese - null
[2020-06-22T15:23:59.366] [DEBUG] cheese - null
[2020-06-22T15:24:28.260] [DEBUG] cheese - null
[2020-06-22T15:25:13.132] [DEBUG] cheese - null
[2020-06-22T15:25:35.842] [DEBUG] cheese - null
[2020-06-22T15:26:04.251] [DEBUG] cheese - null
[2020-06-22T15:26:07.973] [DEBUG] cheese - null
[2020-06-22T15:26:29.851] [DEBUG] cheese - null
[2020-06-22T15:26:47.214] [DEBUG] cheese - null
[2020-06-22T15:26:49.695] [DEBUG] cheese - null
[2020-06-22T15:27:26.714] [DEBUG] cheese - null
[2020-06-22T15:27:30.880] [DEBUG] cheese - null
[2020-06-22T15:29:15.950] [DEBUG] cheese - null
[2020-06-22T15:29:18.182] [DEBUG] cheese - null
[2020-06-22T15:29:20.670] [DEBUG] cheese - null
[2020-06-22T15:29:39.172] [DEBUG] cheese - null
[2020-06-22T15:29:41.688] [DEBUG] cheese - null
[2020-06-22T15:31:43.194] [DEBUG] cheese - null
[2020-06-22T15:31:46.407] [DEBUG] cheese - null
[2020-06-22T18:57:58.752] [DEBUG] cheese - null
[2020-06-23T00:17:03.224] [DEBUG] cheese - login => username:admin,password:123456
[2020-06-23T00:17:03.227] [DEBUG] cheese - admin
[2020-06-23T00:17:03.300] [DEBUG] cheese - null
[2020-06-23T00:17:03.301] [DEBUG] cheese - null
[2020-06-23T01:07:19.626] [DEBUG] cheese - login => username:admin,password:123456
[2020-06-23T01:07:19.629] [DEBUG] cheese - admin
[2020-06-23T01:07:19.650] [DEBUG] cheese - null
[2020-06-23T01:07:19.651] [DEBUG] cheese - null
[2020-06-23T01:14:16.840] [DEBUG] cheese - login => username:admin,password:123456
[2020-06-23T01:14:16.840] [DEBUG] cheese - admin
[2020-06-23T01:14:16.845] [DEBUG] cheese - null
[2020-06-23T01:14:16.846] [DEBUG] cheese - null
[2020-06-23T01:24:02.884] [DEBUG] cheese - login => username:admin,password:123456
[2020-06-23T01:24:02.888] [DEBUG] cheese - admin
[2020-06-23T01:24:02.967] [DEBUG] cheese - null
[2020-06-23T01:24:02.968] [DEBUG] cheese - null
[2020-06-23T01:44:27.837] [DEBUG] cheese - login => username:marz,password:123456
[2020-06-23T01:44:27.837] [DEBUG] cheese - marz
[2020-06-23T01:44:27.839] [DEBUG] cheese - null
[2020-06-23T01:44:27.839] [DEBUG] cheese - null
[2020-06-23T01:44:37.029] [DEBUG] cheese - login => username:admin,password:123456
[2020-06-23T01:44:37.029] [DEBUG] cheese - admin
[2020-06-23T01:44:37.030] [DEBUG] cheese - null
[2020-06-23T01:44:37.031] [DEBUG] cheese - null
[2020-06-23T02:02:14.178] [DEBUG] cheese - login => username:admin ,password:123456
[2020-06-23T02:02:14.178] [DEBUG] cheese - admin 
[2020-06-23T02:02:14.181] [DEBUG] cheese - null
[2020-06-23T02:02:14.181] [DEBUG] cheese - null
[2020-06-23T03:12:42.182] [DEBUG] cheese - login => username:admin,password:123456
[2020-06-23T03:12:42.193] [DEBUG] cheese - admin
[2020-06-23T03:12:42.198] [DEBUG] cheese - null
[2020-06-23T03:12:42.198] [DEBUG] cheese - null
[2020-06-23T04:26:50.926] [DEBUG] cheese - login => username:admin,password:123456
[2020-06-23T04:26:50.928] [DEBUG] cheese - admin
[2020-06-23T04:26:50.933] [DEBUG] cheese - null
[2020-06-23T04:26:50.934] [DEBUG] cheese - null
[2020-06-23T16:46:05.226] [DEBUG] cheese - login => username:admin,password:123456
[2020-06-23T16:46:05.232] [DEBUG] cheese - admin
[2020-06-23T16:46:05.314] [DEBUG] cheese - null
[2020-06-23T16:46:05.316] [DEBUG] cheese - null
[2020-06-28T01:41:21.651] [DEBUG] cheese - login => username:admin,password:123456
[2020-06-28T01:41:21.654] [DEBUG] cheese - admin
[2020-06-28T01:41:21.696] [DEBUG] cheese - null
[2020-06-28T01:41:21.697] [DEBUG] cheese - null
[2020-07-30T20:03:19.710] [DEBUG] cheese - login => username:1111,password:111111
[2020-07-30T20:03:19.711] [DEBUG] cheese - 1111
[2020-07-30T20:03:19.741] [DEBUG] cheese - null
[2020-07-30T20:03:19.742] [DEBUG] cheese - null
[2020-07-30T20:06:55.660] [DEBUG] cheese - login => username:111111,password:222222
[2020-07-30T20:06:55.660] [DEBUG] cheese - 111111
[2020-07-30T20:06:55.662] [DEBUG] cheese - null
[2020-07-30T20:06:55.662] [DEBUG] cheese - null
[2020-07-30T20:08:34.399] [DEBUG] cheese - login => username:1111,password:111111
[2020-07-30T20:08:34.399] [DEBUG] cheese - 1111
[2020-07-30T20:08:34.400] [DEBUG] cheese - null
[2020-07-30T20:08:34.400] [DEBUG] cheese - null
[2020-07-30T21:04:35.294] [DEBUG] cheese - login => username:111,password:111111
[2020-07-30T21:04:35.294] [DEBUG] cheese - 111
[2020-07-30T21:04:35.297] [DEBUG] cheese - null
[2020-07-30T21:04:35.297] [DEBUG] cheese - null
[2020-07-30T21:11:45.525] [DEBUG] cheese - login => username:123456,password:654321
[2020-07-30T21:11:45.525] [DEBUG] cheese - 123456
[2020-07-30T21:11:45.526] [DEBUG] cheese - null
[2020-07-30T21:11:45.526] [DEBUG] cheese - null
[2020-07-30T21:13:47.366] [DEBUG] cheese - login => username:11111,password:111111
[2020-07-30T21:13:47.366] [DEBUG] cheese - 11111
[2020-07-30T21:13:47.368] [DEBUG] cheese - null
[2020-07-30T21:13:47.368] [DEBUG] cheese - null
[2020-07-30T21:14:15.455] [DEBUG] cheese - login => username:1111,password:111111
[2020-07-30T21:14:15.455] [DEBUG] cheese - 1111
[2020-07-30T21:14:15.456] [DEBUG] cheese - null
[2020-07-30T21:14:15.457] [DEBUG] cheese - null
[2020-07-30T21:14:31.708] [DEBUG] cheese - login => username:111,password:111111
[2020-07-30T21:14:31.708] [DEBUG] cheese - 111
[2020-07-30T21:14:31.709] [DEBUG] cheese - null
[2020-07-30T21:14:31.709] [DEBUG] cheese - null
[2020-07-30T21:16:10.851] [DEBUG] cheese - login => username:111,password:111111
[2020-07-30T21:16:10.851] [DEBUG] cheese - 111
[2020-07-30T21:16:10.853] [DEBUG] cheese - null
[2020-07-30T21:16:10.853] [DEBUG] cheese - null
[2020-07-30T21:16:18.051] [DEBUG] cheese - login => username:admin,password:123456
[2020-07-30T21:16:18.051] [DEBUG] cheese - admin
[2020-07-30T21:16:18.057] [DEBUG] cheese - null
[2020-07-30T21:16:18.057] [DEBUG] cheese - null
[2020-07-30T21:28:23.276] [DEBUG] cheese - login => username:123,password:12345667
[2020-07-30T21:28:23.276] [DEBUG] cheese - 123
[2020-07-30T21:28:23.279] [DEBUG] cheese - null
[2020-07-30T21:28:23.279] [DEBUG] cheese - null
[2020-07-30T22:30:20.492] [DEBUG] cheese - login => username:123,password:12345667
[2020-07-30T22:30:20.492] [DEBUG] cheese - 123
[2020-07-30T22:30:20.495] [DEBUG] cheese - null
[2020-07-30T22:30:20.496] [DEBUG] cheese - null
[2020-07-30T22:31:11.682] [DEBUG] cheese - login => username:admin,password:123456
[2020-07-30T22:31:11.682] [DEBUG] cheese - admin
[2020-07-30T22:31:11.684] [DEBUG] cheese - null
[2020-07-30T22:31:11.684] [DEBUG] cheese - null
[2020-07-30T22:33:41.768] [DEBUG] cheese - login => username:admin,password:123456
[2020-07-30T22:33:41.769] [DEBUG] cheese - admin
[2020-07-30T22:33:41.772] [DEBUG] cheese - null
[2020-07-30T22:33:41.772] [DEBUG] cheese - null
[2020-07-30T22:34:43.054] [DEBUG] cheese - login => username:admin,password:123456
[2020-07-30T22:34:43.054] [DEBUG] cheese - admin
[2020-07-30T22:34:43.056] [DEBUG] cheese - null
[2020-07-30T22:34:43.056] [DEBUG] cheese - null
[2020-07-30T22:37:12.813] [DEBUG] cheese - login => username:admin,password:123456
[2020-07-30T22:37:12.813] [DEBUG] cheese - admin
[2020-07-30T22:37:12.816] [DEBUG] cheese - null
[2020-07-30T22:37:12.816] [DEBUG] cheese - null
[2020-07-30T22:40:36.434] [DEBUG] cheese - login => username:admin,password:123456
[2020-07-30T22:40:36.434] [DEBUG] cheese - admin
[2020-07-30T22:40:36.436] [DEBUG] cheese - null
[2020-07-30T22:40:36.436] [DEBUG] cheese - null
[2020-07-30T22:40:38.464] [DEBUG] cheese - login => username:admin,password:123456
[2020-07-30T22:40:38.464] [DEBUG] cheese - admin
[2020-07-30T22:40:38.467] [DEBUG] cheese - null
[2020-07-30T22:40:38.467] [DEBUG] cheese - null
[2020-07-30T22:41:51.886] [DEBUG] cheese - login => username:admin,password:123456
[2020-07-30T22:41:51.886] [DEBUG] cheese - admin
[2020-07-30T22:41:51.888] [DEBUG] cheese - null
[2020-07-30T22:41:51.888] [DEBUG] cheese - null
[2020-07-30T22:55:45.689] [DEBUG] cheese - login => username:admin,password:123456
[2020-07-30T22:55:45.689] [DEBUG] cheese - admin
[2020-07-30T22:55:45.693] [DEBUG] cheese - null
[2020-07-30T22:55:45.693] [DEBUG] cheese - null
[2020-07-30T22:56:33.663] [DEBUG] cheese - login => username:admin,password:123456
[2020-07-30T22:56:33.663] [DEBUG] cheese - admin
[2020-07-30T22:56:33.665] [DEBUG] cheese - null
[2020-07-30T22:56:33.665] [DEBUG] cheese - null
[2020-07-30T22:57:35.623] [DEBUG] cheese - login => username:admin,password:123456
[2020-07-30T22:57:35.623] [DEBUG] cheese - admin
[2020-07-30T22:57:35.626] [DEBUG] cheese - null
[2020-07-30T22:57:35.626] [DEBUG] cheese - null
[2020-07-30T22:59:22.145] [DEBUG] cheese - login => username:admin,password:123456
[2020-07-30T22:59:22.145] [DEBUG] cheese - admin
[2020-07-30T22:59:22.147] [DEBUG] cheese - null
[2020-07-30T22:59:22.147] [DEBUG] cheese - null
[2020-07-30T22:59:37.036] [DEBUG] cheese - login => username:admin,password:123456
[2020-07-30T22:59:37.036] [DEBUG] cheese - admin
[2020-07-30T22:59:37.039] [DEBUG] cheese - null
[2020-07-30T22:59:37.040] [DEBUG] cheese - null
[2020-07-30T22:59:41.497] [DEBUG] cheese - login => username:admin,password:123456
[2020-07-30T22:59:41.497] [DEBUG] cheese - admin
[2020-07-30T22:59:41.500] [DEBUG] cheese - null
[2020-07-30T22:59:41.500] [DEBUG] cheese - null
[2020-07-30T23:02:16.674] [DEBUG] cheese - login => username:admin,password:123456
[2020-07-30T23:02:16.674] [DEBUG] cheese - admin
[2020-07-30T23:02:16.676] [DEBUG] cheese - null
[2020-07-30T23:02:16.677] [DEBUG] cheese - null
[2020-07-30T23:02:34.811] [DEBUG] cheese - login => username:admin,password:123456
[2020-07-30T23:02:34.812] [DEBUG] cheese - admin
[2020-07-30T23:02:34.814] [DEBUG] cheese - null
[2020-07-30T23:02:34.814] [DEBUG] cheese - null
[2020-07-30T23:03:12.336] [DEBUG] cheese - login => username:admin,password:123456
[2020-07-30T23:03:12.337] [DEBUG] cheese - admin
[2020-07-30T23:03:12.339] [DEBUG] cheese - null
[2020-07-30T23:03:12.339] [DEBUG] cheese - null
[2020-07-30T23:06:16.916] [DEBUG] cheese - login => username:admin,password:123456
[2020-07-30T23:06:16.916] [DEBUG] cheese - admin
[2020-07-30T23:06:16.918] [DEBUG] cheese - null
[2020-07-30T23:06:16.918] [DEBUG] cheese - null
[2020-07-30T23:07:02.559] [DEBUG] cheese - login => username:admin,password:123456
[2020-07-30T23:07:02.559] [DEBUG] cheese - admin
[2020-07-30T23:07:02.560] [DEBUG] cheese - null
[2020-07-30T23:07:02.560] [DEBUG] cheese - null
[2020-07-30T23:09:34.929] [DEBUG] cheese - login => username:admin,password:123456
[2020-07-30T23:09:34.930] [DEBUG] cheese - admin
[2020-07-30T23:09:34.932] [DEBUG] cheese - null
[2020-07-30T23:09:34.932] [DEBUG] cheese - null
[2020-07-30T23:10:30.481] [DEBUG] cheese - login => username:admin,password:123456
[2020-07-30T23:10:30.482] [DEBUG] cheese - admin
[2020-07-30T23:10:30.484] [DEBUG] cheese - null
[2020-07-30T23:10:30.484] [DEBUG] cheese - null
[2020-07-30T23:10:36.081] [DEBUG] cheese - login => username:admin,password:123456
[2020-07-30T23:10:36.082] [DEBUG] cheese - admin
[2020-07-30T23:10:36.084] [DEBUG] cheese - null
[2020-07-30T23:10:36.084] [DEBUG] cheese - null
[2020-07-30T23:12:59.104] [DEBUG] cheese - login => username:admin,password:123456
[2020-07-30T23:12:59.104] [DEBUG] cheese - admin
[2020-07-30T23:12:59.105] [DEBUG] cheese - null
[2020-07-30T23:12:59.106] [DEBUG] cheese - null
[2020-07-30T23:13:30.777] [DEBUG] cheese - login => username:admin,password:123456
[2020-07-30T23:13:30.777] [DEBUG] cheese - admin
[2020-07-30T23:13:30.780] [DEBUG] cheese - null
[2020-07-30T23:13:30.781] [DEBUG] cheese - null
[2020-07-30T23:15:32.980] [DEBUG] cheese - login => username:admin,password:123456
[2020-07-30T23:15:32.980] [DEBUG] cheese - admin
[2020-07-30T23:15:32.982] [DEBUG] cheese - null
[2020-07-30T23:15:32.982] [DEBUG] cheese - null
[2020-07-30T23:15:41.166] [DEBUG] cheese - login => username:admin,password:123456
[2020-07-30T23:15:41.166] [DEBUG] cheese - admin
[2020-07-30T23:15:41.169] [DEBUG] cheese - null
[2020-07-30T23:15:41.169] [DEBUG] cheese - null
[2020-07-30T23:16:12.724] [DEBUG] cheese - login => username:admin,password:123456
[2020-07-30T23:16:12.724] [DEBUG] cheese - admin
[2020-07-30T23:16:12.726] [DEBUG] cheese - null
[2020-07-30T23:16:12.726] [DEBUG] cheese - null
[2020-07-30T23:17:18.570] [DEBUG] cheese - login => username:admin,password:123456
[2020-07-30T23:17:18.570] [DEBUG] cheese - admin
[2020-07-30T23:17:18.572] [DEBUG] cheese - null
[2020-07-30T23:17:18.572] [DEBUG] cheese - null
[2020-07-30T23:17:35.556] [DEBUG] cheese - login => username:admin,password:123456
[2020-07-30T23:17:35.556] [DEBUG] cheese - admin
[2020-07-30T23:17:35.558] [DEBUG] cheese - null
[2020-07-30T23:17:35.558] [DEBUG] cheese - null
[2020-07-30T23:18:13.782] [DEBUG] cheese - login => username:admin,password:123456
[2020-07-30T23:18:13.782] [DEBUG] cheese - admin
[2020-07-30T23:18:13.785] [DEBUG] cheese - null
[2020-07-30T23:18:13.786] [DEBUG] cheese - null
[2020-07-30T23:18:17.074] [DEBUG] cheese - login => username:admin,password:123456
[2020-07-30T23:18:17.074] [DEBUG] cheese - admin
[2020-07-30T23:18:17.076] [DEBUG] cheese - null
[2020-07-30T23:18:17.076] [DEBUG] cheese - null
[2020-07-30T23:21:24.182] [DEBUG] cheese - login => username:admin,password:123456
[2020-07-30T23:21:24.182] [DEBUG] cheese - admin
[2020-07-30T23:21:24.185] [DEBUG] cheese - null
[2020-07-30T23:21:24.185] [DEBUG] cheese - null
[2020-07-30T23:21:29.072] [DEBUG] cheese - login => username:admin,password:123456
[2020-07-30T23:21:29.072] [DEBUG] cheese - admin
[2020-07-30T23:21:29.073] [DEBUG] cheese - null
[2020-07-30T23:21:29.073] [DEBUG] cheese - null
[2020-07-30T23:21:37.085] [DEBUG] cheese - login => username:admin,password:123456
[2020-07-30T23:21:37.085] [DEBUG] cheese - admin
[2020-07-30T23:21:37.087] [DEBUG] cheese - null
[2020-07-30T23:21:37.087] [DEBUG] cheese - null
[2020-07-30T23:22:03.907] [DEBUG] cheese - login => username:admin,password:123456
[2020-07-30T23:22:03.907] [DEBUG] cheese - admin
[2020-07-30T23:22:03.909] [DEBUG] cheese - null
[2020-07-30T23:22:03.909] [DEBUG] cheese - null
[2020-07-30T23:22:06.218] [DEBUG] cheese - login => username:admin,password:123456
[2020-07-30T23:22:06.218] [DEBUG] cheese - admin
[2020-07-30T23:22:06.220] [DEBUG] cheese - null
[2020-07-30T23:22:06.220] [DEBUG] cheese - null
[2020-07-30T23:24:39.097] [DEBUG] cheese - login => username:admin,password:123456
[2020-07-30T23:24:39.097] [DEBUG] cheese - admin
[2020-07-30T23:24:39.100] [DEBUG] cheese - null
[2020-07-30T23:24:39.100] [DEBUG] cheese - null
[2020-07-30T23:35:10.598] [DEBUG] cheese - login => username:admin,password:123456
[2020-07-30T23:35:10.598] [DEBUG] cheese - admin
[2020-07-30T23:35:10.602] [DEBUG] cheese - null
[2020-07-30T23:35:10.605] [DEBUG] cheese - null
